# JRE version: Java(TM) SE Runtime Environment (8.0_221-b11) (build 1.8.0_221-b11)
# Java VM: Java HotSpot(TM) 64-Bit Server VM (25.221-b11 mixed mode windows-amd64 compressed oops)
Heap:
 PSYoungGen      total 229376K, used 90617K [0x000000076b300000, 0x000000077b680000, 0x00000007c0000000)
  eden space 220672K, 37% used [0x000000076b300000,0x0000000770378d88,0x0000000778a80000)
  from space 8704K, 94% used [0x000000077ae00000,0x000000077b605988,0x000000077b680000)
  to   space 14848K, 0% used [0x0000000779980000,0x0000000779980000,0x000000077a800000)
 ParOldGen       total 166400K, used 18347K [0x00000006c1800000, 0x00000006cba80000, 0x000000076b300000)
  object space 166400K, 11% used [0x00000006c1800000,0x00000006c29eac40,0x00000006cba80000)
 Metaspace       used 42327K, capacity 43034K, committed 43264K, reserved 1087488K
  class space    used 5141K, capacity 5319K, committed 5376K, reserved 1048576K
GC Heap History (10 events):
Event: 2.529 GC heap before
{Heap before GC invocations=6 (full 1):
 PSYoungGen      total 108032K, used 107799K [0x000000076b300000, 0x0000000774180000, 0x00000007c0000000)
  eden space 103936K, 100% used [0x000000076b300000,0x0000000771880000,0x0000000771880000)
  from space 4096K, 94% used [0x0000000773d80000,0x0000000774145c70,0x0000000774180000)
  to   space 10752K, 0% used [0x0000000772c80000,0x0000000772c80000,0x0000000773700000)
 ParOldGen       total 106496K, used 10709K [0x00000006c1800000, 0x00000006c8000000, 0x000000076b300000)
  object space 106496K, 10% used [0x00000006c1800000,0x00000006c2275438,0x00000006c8000000)
 Metaspace       used 27831K, capacity 28278K, committed 28416K, reserved 1075200K
  class space    used 3424K, capacity 3536K, committed 3584K, reserved 1048576K
Event: 2.536 GC heap after
Heap after GC invocations=6 (full 1):
 PSYoungGen      total 135168K, used 8235K [0x000000076b300000, 0x0000000776f00000, 0x00000007c0000000)
  eden space 124416K, 0% used [0x000000076b300000,0x000000076b300000,0x0000000772c80000)
  from space 10752K, 76% used [0x0000000772c80000,0x000000077348add8,0x0000000773700000)
  to   space 15872K, 0% used [0x0000000775f80000,0x0000000775f80000,0x0000000776f00000)
 ParOldGen       total 106496K, used 10717K [0x00000006c1800000, 0x00000006c8000000, 0x000000076b300000)
  object space 106496K, 10% used [0x00000006c1800000,0x00000006c2277438,0x00000006c8000000)
 Metaspace       used 27831K, capacity 28278K, committed 28416K, reserved 1075200K
  class space    used 3424K, capacity 3536K, committed 3584K, reserved 1048576K
}
Event: 3.756 GC heap before
{Heap before GC invocations=7 (full 1):
 PSYoungGen      total 135168K, used 132651K [0x000000076b300000, 0x0000000776f00000, 0x00000007c0000000)
  eden space 124416K, 100% used [0x000000076b300000,0x0000000772c80000,0x0000000772c80000)
  from space 10752K, 76% used [0x0000000772c80000,0x000000077348add8,0x0000000773700000)
  to   space 15872K, 0% used [0x0000000775f80000,0x0000000775f80000,0x0000000776f00000)
 ParOldGen       total 106496K, used 10717K [0x00000006c1800000, 0x00000006c8000000, 0x000000076b300000)
  object space 106496K, 10% used [0x00000006c1800000,0x00000006c2277438,0x00000006c8000000)
 Metaspace       used 33985K, capacity 34420K, committed 34816K, reserved 1079296K
  class space    used 4187K, capacity 4277K, committed 4352K, reserved 1048576K
Event: 3.765 GC heap after
Heap after GC invocations=7 (full 1):
 PSYoungGen      total 176640K, used 11496K [0x000000076b300000, 0x0000000778880000, 0x00000007c0000000)
  eden space 160768K, 0% used [0x000000076b300000,0x000000076b300000,0x0000000775000000)
  from space 15872K, 72% used [0x0000000775f80000,0x0000000776aba250,0x0000000776f00000)
  to   space 15872K, 0% used [0x0000000775000000,0x0000000775000000,0x0000000775f80000)
 ParOldGen       total 106496K, used 10725K [0x00000006c1800000, 0x00000006c8000000, 0x000000076b300000)
  object space 106496K, 10% used [0x00000006c1800000,0x00000006c2279438,0x00000006c8000000)
 Metaspace       used 33985K, capacity 34420K, committed 34816K, reserved 1079296K
  class space    used 4187K, capacity 4277K, committed 4352K, reserved 1048576K
}
Event: 4.195 GC heap before
{Heap before GC invocations=8 (full 1):
 PSYoungGen      total 176640K, used 68014K [0x000000076b300000, 0x0000000778880000, 0x00000007c0000000)
  eden space 160768K, 35% used [0x000000076b300000,0x000000076ea317f8,0x0000000775000000)
  from space 15872K, 72% used [0x0000000775f80000,0x0000000776aba250,0x0000000776f00000)
  to   space 15872K, 0% used [0x0000000775000000,0x0000000775000000,0x0000000775f80000)
 ParOldGen       total 106496K, used 10725K [0x00000006c1800000, 0x00000006c8000000, 0x000000076b300000)
  object space 106496K, 10% used [0x00000006c1800000,0x00000006c2279438,0x00000006c8000000)
 Metaspace       used 34746K, capacity 35186K, committed 35456K, reserved 1081344K
  class space    used 4267K, capacity 4378K, committed 4480K, reserved 1048576K
Event: 4.203 GC heap after
Heap after GC invocations=8 (full 1):
 PSYoungGen      total 176640K, used 8956K [0x000000076b300000, 0x000000077bd00000, 0x00000007c0000000)
  eden space 160768K, 0% used [0x000000076b300000,0x000000076b300000,0x0000000775000000)
  from space 15872K, 56% used [0x0000000775000000,0x00000007758bf1b8,0x0000000775f80000)
  to   space 15360K, 0% used [0x000000077ae00000,0x000000077ae00000,0x000000077bd00000)
 ParOldGen       total 106496K, used 10733K [0x00000006c1800000, 0x00000006c8000000, 0x000000076b300000)
  object space 106496K, 10% used [0x00000006c1800000,0x00000006c227b438,0x00000006c8000000)
 Metaspace       used 34746K, capacity 35186K, committed 35456K, reserved 1081344K
  class space    used 4267K, capacity 4378K, committed 4480K, reserved 1048576K
}
Event: 4.203 GC heap before
{Heap before GC invocations=9 (full 2):
 PSYoungGen      total 176640K, used 8956K [0x000000076b300000, 0x000000077bd00000, 0x00000007c0000000)
  eden space 160768K, 0% used [0x000000076b300000,0x000000076b300000,0x0000000775000000)
  from space 15872K, 56% used [0x0000000775000000,0x00000007758bf1b8,0x0000000775f80000)
  to   space 15360K, 0% used [0x000000077ae00000,0x000000077ae00000,0x000000077bd00000)
 ParOldGen       total 106496K, used 10733K [0x00000006c1800000, 0x00000006c8000000, 0x000000076b300000)
  object space 106496K, 10% used [0x00000006c1800000,0x00000006c227b438,0x00000006c8000000)
 Metaspace       used 34746K, capacity 35186K, committed 35456K, reserved 1081344K
  class space    used 4267K, capacity 4378K, committed 4480K, reserved 1048576K
Event: 4.291 GC heap after
Heap after GC invocations=9 (full 2):
 PSYoungGen      total 176640K, used 0K [0x000000076b300000, 0x000000077bd00000, 0x00000007c0000000)
  eden space 160768K, 0% used [0x000000076b300000,0x000000076b300000,0x0000000775000000)
  from space 15872K, 0% used [0x0000000775000000,0x0000000775000000,0x0000000775f80000)
  to   space 15360K, 0% used [0x000000077ae00000,0x000000077ae00000,0x000000077bd00000)
 ParOldGen       total 166400K, used 18339K [0x00000006c1800000, 0x00000006cba80000, 0x000000076b300000)
  object space 166400K, 11% used [0x00000006c1800000,0x00000006c29e8c40,0x00000006cba80000)
 Metaspace       used 34746K, capacity 35186K, committed 35456K, reserved 1081344K
  class space    used 4267K, capacity 4378K, committed 4480K, reserved 1048576K
}
Event: 5.330 GC heap before
{Heap before GC invocations=10 (full 2):
 PSYoungGen      total 176640K, used 160768K [0x000000076b300000, 0x000000077bd00000, 0x00000007c0000000)
  eden space 160768K, 100% used [0x000000076b300000,0x0000000775000000,0x0000000775000000)
  from space 15872K, 0% used [0x0000000775000000,0x0000000775000000,0x0000000775f80000)
  to   space 15360K, 0% used [0x000000077ae00000,0x000000077ae00000,0x000000077bd00000)
 ParOldGen       total 166400K, used 18339K [0x00000006c1800000, 0x00000006cba80000, 0x000000076b300000)
  object space 166400K, 11% used [0x00000006c1800000,0x00000006c29e8c40,0x00000006cba80000)
 Metaspace       used 38236K, capacity 38862K, committed 38912K, reserved 1083392K
  class space    used 4699K, capacity 4820K, committed 4864K, reserved 1048576K
Event: 5.339 GC heap after
Heap after GC invocations=10 (full 2):
 PSYoungGen      total 229376K, used 8214K [0x000000076b300000, 0x000000077b680000, 0x00000007c0000000)
  eden space 220672K, 0% used [0x000000076b300000,0x000000076b300000,0x0000000778a80000)
  from space 8704K, 94% used [0x000000077ae00000,0x000000077b605988,0x000000077b680000)
  to   space 14848K, 0% used [0x0000000779980000,0x0000000779980000,0x000000077a800000)
 ParOldGen       total 166400K, used 18347K [0x00000006c1800000, 0x00000006cba80000, 0x000000076b300000)
  object space 166400K, 11% used [0x00000006c1800000,0x00000006c29eac40,0x00000006cba80000)
 Metaspace       used 38236K, capacity 38862K, committed 38912K, reserved 1083392K
  class space    used 4699K, capacity 4820K, committed 4864K, reserved 1048576K
}

